<?xml version="1.0" encoding="UTF-8"?>
<!-- Generated by org.testng.reporters.JUnitXMLReporter -->
<testsuite ignored="0" hostname="Ambikas-MacBook-Air.local" failures="1" tests="31" name="Default test" time="8.128" errors="0" timestamp="16 Jul 2019 04:30:18 GMT">
  <testcase classname="cb.loadDoc.AddDocumentTest" name="bulkInsert" time="0.031"/>
  <testcase classname="cb.loadDoc.AddDocumentTest" name="testAsyncAddNewDoc" time="0.005"/>
  <testcase classname="cb.loadDoc.AddDocumentTest" name="testAsyncNonJsonDoc" time="0.003"/>
  <testcase classname="cb.loadDoc.AddDocumentTest" name="testExpiredDoc" time="0.021"/>
  <testcase classname="cb.loadDoc.AddDocumentTest" name="testSyncAddExistingDoc" time="0.011"/>
  <testcase classname="cb.loadDoc.AddDocumentTest" name="testSyncAddExistingDoc" time="0.005"/>
  <testcase classname="cb.loadDoc.AddDocumentTest" name="testSyncAddNewDoc" time="0.006"/>
  <testcase classname="cb.loadDoc.AddDocumentTest" name="testSyncAddNewDoc" time="0.006"/>
  <testcase classname="cb.loadDoc.AddDocumentTest" name="concurrentTest" time="0.008"/>
  <testcase classname="cb.loadDoc.AddDocumentTest" name="concurrentTest" time="0.009"/>
  <testcase classname="cb.loadDoc.AddDocumentTest" name="concurrentTest" time="0.007"/>
  <testcase classname="cb.loadDoc.AddDocumentTest" name="concurrentTest" time="0.007"/>
  <testcase classname="cb.loadDoc.AddDocumentTest" name="concurrentTest" time="0.041"/>
  <testcase classname="cb.loadDoc.AddDocumentTest" name="concurrentTest" time="0.007"/>
  <testcase classname="cb.loadDoc.AddDocumentTest" name="concurrentTest" time="0.011"/>
  <testcase classname="cb.loadDoc.AddDocumentTest" name="concurrentTest" time="0.007"/>
  <testcase classname="cb.loadDoc.AddDocumentTest" name="concurrentTest" time="0.013"/>
  <testcase classname="cb.loadDoc.AddDocumentTest" name="concurrentTest" time="0.006"/>
  <testcase classname="cb.loadDoc.AddDocumentTest" name="concurrentTest" time="0.008"/>
  <testcase classname="cb.loadDoc.AddDocumentTest" name="concurrentTest" time="0.009"/>
  <testcase classname="cb.loadDoc.AddDocumentTest" name="concurrentTest" time="0.007"/>
  <testcase classname="cb.loadDoc.AddDocumentTest" name="concurrentTest" time="0.011"/>
  <testcase classname="cb.loadDoc.AddDocumentTest" name="concurrentTest" time="0.007"/>
  <testcase classname="cb.loadDoc.AddDocumentTest" name="concurrentTest" time="0.007"/>
  <testcase classname="cb.loadDoc.AddDocumentTest" name="insertJsonFromFile" time="0.034"/>
  <testcase classname="cb.loadDoc.AddDocumentTest" name="testAddWithExpiry" time="5.009"/>
  <testcase classname="cb.loadDoc.AddDocumentTest" name="testAsyncEmptyDoc" time="0.004"/>
  <testcase classname="cb.loadDoc.AddDocumentTest" name="testMaxCount" time="0.211"/>
  <testcase classname="cb.loadDoc.AddDocumentTest" name="testSyncEmptyDoc" time="0.002"/>
  <testcase classname="cb.loadDoc.AddDocumentTest" name="testSyncNonJsonDoc" time="0.003"/>
  <testcase classname="cb.loadDoc.AddDocumentTest" name="removeDocument" time="0.013">
    <failure type="org.testng.TestException" message="
Expected exception of type class java.lang.NullPointerException but got com.couchbase.client.java.error.DocumentDoesNotExistException">
      <![CDATA[org.testng.TestException: 
Expected exception of type class java.lang.NullPointerException but got com.couchbase.client.java.error.DocumentDoesNotExistException
at org.testng.internal.ExpectedExceptionsHolder.wrongException(ExpectedExceptionsHolder.java:68)
at org.testng.internal.Invoker.considerExceptions(Invoker.java:1130)
at org.testng.internal.Invoker.invokeMethod(Invoker.java:615)
at org.testng.internal.Invoker.invokeTestMethod(Invoker.java:719)
at org.testng.internal.Invoker.invokeTestMethods(Invoker.java:989)
at org.testng.internal.TestMethodWorker.invokeTestMethods(TestMethodWorker.java:125)
at org.testng.internal.TestMethodWorker.run(TestMethodWorker.java:109)
at org.testng.TestRunner.privateRun(TestRunner.java:648)
at org.testng.TestRunner.run(TestRunner.java:505)
at org.testng.SuiteRunner.runTest(SuiteRunner.java:455)
at org.testng.SuiteRunner.runSequentially(SuiteRunner.java:450)
at org.testng.SuiteRunner.privateRun(SuiteRunner.java:415)
at org.testng.SuiteRunner.run(SuiteRunner.java:364)
at org.testng.SuiteRunnerWorker.runSuite(SuiteRunnerWorker.java:52)
at org.testng.SuiteRunnerWorker.run(SuiteRunnerWorker.java:84)
at org.testng.TestNG.runSuitesSequentially(TestNG.java:1208)
at org.testng.TestNG.runSuitesLocally(TestNG.java:1137)
at org.testng.TestNG.runSuites(TestNG.java:1049)
at org.testng.TestNG.run(TestNG.java:1017)
at org.testng.remote.AbstractRemoteTestNG.run(AbstractRemoteTestNG.java:115)
at org.testng.remote.RemoteTestNG.initAndRun(RemoteTestNG.java:251)
at org.testng.remote.RemoteTestNG.main(RemoteTestNG.java:77)
Caused by: com.couchbase.client.java.error.DocumentDoesNotExistException
at com.couchbase.client.java.bucket.api.Mutate$4$1.call(Mutate.java:387)
at com.couchbase.client.java.bucket.api.Mutate$4$1.call(Mutate.java:368)
at rx.internal.operators.OnSubscribeMap$MapSubscriber.onNext(OnSubscribeMap.java:69)
at rx.observers.Subscribers$5.onNext(Subscribers.java:235)
at rx.internal.operators.OnSubscribeDoOnEach$DoOnEachSubscriber.onNext(OnSubscribeDoOnEach.java:101)
at rx.internal.producers.SingleProducer.request(SingleProducer.java:65)
at rx.internal.producers.ProducerArbiter.setProducer(ProducerArbiter.java:126)
at rx.internal.operators.OnSubscribeTimeoutTimedWithFallback$TimeoutMainSubscriber.setProducer(OnSubscribeTimeoutTimedWithFallback.java:155)
at rx.Subscriber.setProducer(Subscriber.java:205)
at rx.internal.operators.OnSubscribeMap$MapSubscriber.setProducer(OnSubscribeMap.java:102)
at rx.Subscriber.setProducer(Subscriber.java:205)
at rx.Subscriber.setProducer(Subscriber.java:205)
at rx.subjects.AsyncSubject$1.call(AsyncSubject.java:80)
at rx.subjects.AsyncSubject$1.call(AsyncSubject.java:70)
at rx.subjects.SubjectSubscriptionManager.add(SubjectSubscriptionManager.java:95)
at rx.subjects.SubjectSubscriptionManager.call(SubjectSubscriptionManager.java:60)
at rx.subjects.SubjectSubscriptionManager.call(SubjectSubscriptionManager.java:35)
at rx.Observable.unsafeSubscribe(Observable.java:10327)
at rx.internal.operators.OnSubscribeDoOnEach.call(OnSubscribeDoOnEach.java:41)
at rx.internal.operators.OnSubscribeDoOnEach.call(OnSubscribeDoOnEach.java:30)
at rx.Observable.unsafeSubscribe(Observable.java:10327)
at com.couchbase.client.java.util.OnSubscribeDeferAndWatch.call(OnSubscribeDeferAndWatch.java:96)
at com.couchbase.client.java.util.OnSubscribeDeferAndWatch.call(OnSubscribeDeferAndWatch.java:57)
at rx.Observable.unsafeSubscribe(Observable.java:10327)
at rx.internal.operators.OnSubscribeMap.call(OnSubscribeMap.java:48)
at rx.internal.operators.OnSubscribeMap.call(OnSubscribeMap.java:33)
at rx.Observable.subscribe(Observable.java:10423)
at rx.Observable.subscribe(Observable.java:10390)
at rx.internal.operators.OnSubscribeTimeoutTimedWithFallback.call(OnSubscribeTimeoutTimedWithFallback.java:64)
at rx.internal.operators.OnSubscribeTimeoutTimedWithFallback.call(OnSubscribeTimeoutTimedWithFallback.java:36)
at rx.internal.operators.OnSubscribeLift.call(OnSubscribeLift.java:48)
at rx.internal.operators.OnSubscribeLift.call(OnSubscribeLift.java:30)
at rx.Observable.unsafeSubscribe(Observable.java:10327)
at rx.internal.operators.OnSubscribeDefer.call(OnSubscribeDefer.java:51)
at rx.internal.operators.OnSubscribeDefer.call(OnSubscribeDefer.java:35)
at rx.internal.operators.OnSubscribeLift.call(OnSubscribeLift.java:48)
at rx.internal.operators.OnSubscribeLift.call(OnSubscribeLift.java:30)
at rx.Observable.subscribe(Observable.java:10423)
at rx.Observable.subscribe(Observable.java:10390)
at rx.observables.BlockingObservable.blockForSingle(BlockingObservable.java:443)
at rx.observables.BlockingObservable.single(BlockingObservable.java:340)
at com.couchbase.client.java.CouchbaseBucket.remove(CouchbaseBucket.java:494)
at com.couchbase.client.java.CouchbaseBucket.remove(CouchbaseBucket.java:474)
at cb.loadDoc.AddDocument.removeDoc(AddDocument.java:104)
at cb.loadDoc.AddDocumentTest.removeDocument(AddDocumentTest.java:81)
at java.base/jdk.internal.reflect.NativeMethodAccessorImpl.invoke0(Native Method)
at java.base/jdk.internal.reflect.NativeMethodAccessorImpl.invoke(NativeMethodAccessorImpl.java:62)
at java.base/jdk.internal.reflect.DelegatingMethodAccessorImpl.invoke(DelegatingMethodAccessorImpl.java:43)
at java.base/java.lang.reflect.Method.invoke(Method.java:564)
at org.testng.internal.MethodInvocationHelper.invokeMethod(MethodInvocationHelper.java:124)
at org.testng.internal.Invoker.invokeMethod(Invoker.java:583)
... 19 more
Caused by: rx.exceptions.OnErrorThrowable$OnNextValue: OnError while emitting onNext value: com.couchbase.client.core.message.kv.RemoveResponse.class
at rx.exceptions.OnErrorThrowable.addValueAsLastCause(OnErrorThrowable.java:118)
at rx.internal.operators.OnSubscribeMap$MapSubscriber.onNext(OnSubscribeMap.java:73)
... 67 more
]]>
    </failure>
  </testcase> <!-- removeDocument -->
</testsuite> <!-- Default test -->
