<?xml version="1.0" encoding="UTF-8"?>
<!-- Generated by org.testng.reporters.JUnitXMLReporter -->
<testsuite ignored="0" hostname="Ambikas-MacBook-Air.local" failures="0" tests="33" name="test" time="5.815" errors="0" timestamp="15 Jul 2019 02:28:44 GMT">
  <testcase classname="cb.loadDoc.ClusterConnectionTest" name="invalidConnection" time="0.015"/>
  <testcase classname="cb.loadDoc.ClusterConnectionTest" name="setUpConnectionTest" time="0.008"/>
  <testcase classname="cb.loadDoc.AddDocumentTest" name="bulkInsert" time="0.142"/>
  <testcase classname="cb.loadDoc.AddDocumentTest" name="testAsyncAddNewDoc" time="0.005"/>
  <testcase classname="cb.loadDoc.AddDocumentTest" name="testAsyncNonJsonDoc" time="0.008"/>
  <testcase classname="cb.loadDoc.AddDocumentTest" name="testExpiredDoc" time="0.019"/>
  <testcase classname="cb.loadDoc.AddDocumentTest" name="testSyncAddExistingDoc" time="0.014"/>
  <testcase classname="cb.loadDoc.AddDocumentTest" name="testSyncAddExistingDoc" time="0.005"/>
  <testcase classname="cb.loadDoc.AddDocumentTest" name="testSyncAddNewDoc" time="0.008"/>
  <testcase classname="cb.loadDoc.AddDocumentTest" name="testSyncAddNewDoc" time="0.006"/>
  <testcase classname="cb.loadDoc.AddDocumentTest" name="concurrentTest" time="0.006"/>
  <testcase classname="cb.loadDoc.AddDocumentTest" name="concurrentTest" time="0.009"/>
  <testcase classname="cb.loadDoc.AddDocumentTest" name="concurrentTest" time="0.011"/>
  <testcase classname="cb.loadDoc.AddDocumentTest" name="concurrentTest" time="0.011"/>
  <testcase classname="cb.loadDoc.AddDocumentTest" name="concurrentTest" time="0.011"/>
  <testcase classname="cb.loadDoc.AddDocumentTest" name="concurrentTest" time="0.012"/>
  <testcase classname="cb.loadDoc.AddDocumentTest" name="concurrentTest" time="0.009"/>
  <testcase classname="cb.loadDoc.AddDocumentTest" name="concurrentTest" time="0.013"/>
  <testcase classname="cb.loadDoc.AddDocumentTest" name="concurrentTest" time="0.008"/>
  <testcase classname="cb.loadDoc.AddDocumentTest" name="concurrentTest" time="0.009"/>
  <testcase classname="cb.loadDoc.AddDocumentTest" name="concurrentTest" time="0.007"/>
  <testcase classname="cb.loadDoc.AddDocumentTest" name="concurrentTest" time="0.01"/>
  <testcase classname="cb.loadDoc.AddDocumentTest" name="concurrentTest" time="0.008"/>
  <testcase classname="cb.loadDoc.AddDocumentTest" name="concurrentTest" time="0.012"/>
  <testcase classname="cb.loadDoc.AddDocumentTest" name="concurrentTest" time="0.012"/>
  <testcase classname="cb.loadDoc.AddDocumentTest" name="concurrentTest" time="0.008"/>
  <testcase classname="cb.loadDoc.AddDocumentTest" name="insertJsonFromFile" time="0.043"/>
  <testcase classname="cb.loadDoc.AddDocumentTest" name="testAddWithExpiry" time="5.011"/>
  <testcase classname="cb.loadDoc.AddDocumentTest" name="testAsyncEmptyDoc" time="0.008"/>
  <testcase classname="cb.loadDoc.AddDocumentTest" name="testMaxCount" time="0.2"/>
  <testcase classname="cb.loadDoc.AddDocumentTest" name="testSyncEmptyDoc" time="0.004"/>
  <testcase classname="cb.loadDoc.AddDocumentTest" name="testSyncNonJsonDoc" time="0.005"/>
  <testcase classname="cb.loadDoc.AddDocumentTest" name="removeDocument" time="0.013"/>
</testsuite> <!-- test -->
